NXST_FLOW reply (xid=0x4):
 cookie=0x240db3d6, duration=63809.381s, table=0, n_packets=0, n_bytes=0, idle_age=63809, priority=180,dl_src=fa:16:3e:6c:3c:b6 actions=conjunction(100,1/2)
 cookie=0x22645a2f, duration=62309.834s, table=0, n_packets=0, n_bytes=0, idle_age=62309, priority=150,in_port=3,dl_vlan=100 actions=strip_vlan,load:0x3->NXM_NX_REG11[],load:0x2->NXM_NX_REG12[],load:0x1->OXM_OF_METADATA[],load:0x1->NXM_NX_REG14[],resubmit(,8)
 cookie=0x0, duration=63809.348s, table=0, n_packets=0, n_bytes=0, idle_age=63809, priority=105,tun_id=0x800000/0x800000,in_port=1 actions=load:0x1->NXM_NX_REG15[15],move:NXM_NX_TUN_ID[12..22]->NXM_NX_REG15[0..10],move:NXM_NX_TUN_ID[0..11]->OXM_OF_METADATA[0..11],resubmit(,38)
 cookie=0x0, duration=63809.348s, table=0, n_packets=0, n_bytes=0, idle_age=63809, priority=100,in_port=1 actions=move:NXM_NX_TUN_ID[12..23]->NXM_NX_REG15[0..11],move:NXM_NX_TUN_ID[0..11]->OXM_OF_METADATA[0..11],resubmit(,38)
 cookie=0x5befc3d8, duration=62309.835s, table=0, n_packets=1046, n_bytes=49175, idle_age=11, priority=100,in_port=2 actions=load:0x1->NXM_NX_REG13[],load:0x3->NXM_NX_REG11[],load:0x2->NXM_NX_REG12[],load:0x1->OXM_OF_METADATA[],load:0x3->NXM_NX_REG14[],resubmit(,8)
 cookie=0x453dce32, duration=62306.520s, table=0, n_packets=47, n_bytes=5396, idle_age=62293, priority=100,in_port=4 actions=load:0x4->NXM_NX_REG13[],load:0x3->NXM_NX_REG11[],load:0x2->NXM_NX_REG12[],load:0x1->OXM_OF_METADATA[],load:0x2->NXM_NX_REG14[],load:0x1->NXM_NX_REG10[10],resubmit(,8)
 cookie=0x4ccb7580, duration=62309.836s, table=8, n_packets=0, n_bytes=0, idle_age=62309, priority=100,metadata=0x1,vlan_tci=0x1000/0x1000 actions=drop
 cookie=0xbc467ac9, duration=62309.835s, table=8, n_packets=0, n_bytes=0, idle_age=62309, priority=100,metadata=0x1,dl_src=01:00:00:00:00:00/01:00:00:00:00:00 actions=drop
 cookie=0x8f00da4, duration=62309.837s, table=8, n_packets=1098, n_bytes=54781, idle_age=11, priority=50,metadata=0x1 actions=load:0->NXM_NX_REG10[12],resubmit(,73),move:NXM_NX_REG10[12]->NXM_NX_XXREG0[111],resubmit(,9)
 cookie=0xe65c9892, duration=62309.835s, table=9, n_packets=12, n_bytes=852, idle_age=62287, priority=50,reg0=0x8000/0x8000,metadata=0x1 actions=drop
 cookie=0x34674e41, duration=62309.836s, table=9, n_packets=1086, n_bytes=53929, idle_age=11, priority=0,metadata=0x1 actions=resubmit(,10)
 cookie=0x25a1f73b, duration=62309.837s, table=10, n_packets=1086, n_bytes=53929, idle_age=11, priority=0,metadata=0x1 actions=resubmit(,11)
 cookie=0x12d426, duration=62309.837s, table=11, n_packets=1086, n_bytes=53929, idle_age=11, priority=0,metadata=0x1 actions=resubmit(,12)
 cookie=0xb2705fe, duration=62309.837s, table=12, n_packets=0, n_bytes=0, idle_age=62309, priority=110,metadata=0x1,dl_dst=3e:0b:f3:45:d5:d7 actions=resubmit(,13)
 cookie=0x1c9b8db8, duration=62309.837s, table=12, n_packets=0, n_bytes=0, idle_age=62309, priority=110,ip,reg14=0x1,metadata=0x1 actions=resubmit(,13)
 cookie=0x1c9b8db8, duration=62309.837s, table=12, n_packets=0, n_bytes=0, idle_age=62309, priority=110,ipv6,reg14=0x1,metadata=0x1 actions=resubmit(,13)
 cookie=0x782a0b71, duration=62309.836s, table=12, n_packets=950, n_bytes=40848, idle_age=11, priority=110,metadata=0x1,dl_dst=01:00:00:00:00:00/01:00:00:00:00:00 actions=resubmit(,13)
 cookie=0xe47cffe6, duration=62309.835s, table=12, n_packets=0, n_bytes=0, idle_age=62309, priority=110,icmp6,metadata=0x1,nw_ttl=255,icmp_type=135,icmp_code=0 actions=resubmit(,13)
 cookie=0xe47cffe6, duration=62309.835s, table=12, n_packets=0, n_bytes=0, idle_age=62309, priority=110,icmp6,metadata=0x1,nw_ttl=255,icmp_type=136,icmp_code=0 actions=resubmit(,13)
 cookie=0xe47cffe6, duration=62309.835s, table=12, n_packets=0, n_bytes=0, idle_age=62309, priority=110,icmp6,metadata=0x1,nw_ttl=255,icmp_type=134,icmp_code=0 actions=resubmit(,13)
 cookie=0xe47cffe6, duration=62309.835s, table=12, n_packets=0, n_bytes=0, idle_age=62309, priority=110,icmp6,metadata=0x1,nw_ttl=255,icmp_type=133,icmp_code=0 actions=resubmit(,13)
 cookie=0xe47cffe6, duration=62309.835s, table=12, n_packets=0, n_bytes=0, idle_age=62309, priority=110,icmp6,metadata=0x1,ipv6_src=fe80::/10,icmp_type=130 actions=resubmit(,13)
 cookie=0xe47cffe6, duration=62309.835s, table=12, n_packets=0, n_bytes=0, idle_age=62309, priority=110,icmp6,metadata=0x1,ipv6_src=fe80::/10,icmp_type=131 actions=resubmit(,13)
 cookie=0xe47cffe6, duration=62309.835s, table=12, n_packets=0, n_bytes=0, idle_age=62309, priority=110,icmp6,metadata=0x1,ipv6_src=fe80::/10,icmp_type=132 actions=resubmit(,13)
 cookie=0xe47cffe6, duration=62309.835s, table=12, n_packets=0, n_bytes=0, idle_age=62309, priority=110,udp6,metadata=0x1,tp_src=546,tp_dst=547 actions=resubmit(,13)
 cookie=0xe47cffe6, duration=62309.835s, table=12, n_packets=0, n_bytes=0, idle_age=62309, priority=110,udp,metadata=0x1,tp_src=546,tp_dst=547 actions=resubmit(,13)
 cookie=0xe47cffe6, duration=62309.835s, table=12, n_packets=0, n_bytes=0, idle_age=62309, priority=110,icmp6,metadata=0x1,ipv6_dst=ff02::16,icmp_type=143 actions=resubmit(,13)
 cookie=0xd090c000, duration=62309.835s, table=12, n_packets=0, n_bytes=0, idle_age=62309, priority=100,ipv6,metadata=0x1 actions=load:0x1->NXM_NX_XXREG0[96],resubmit(,13)
 cookie=0xd090c000, duration=62309.835s, table=12, n_packets=136, n_bytes=13081, idle_age=62293, priority=100,ip,metadata=0x1 actions=load:0x1->NXM_NX_XXREG0[96],resubmit(,13)
 cookie=0x86158177, duration=62309.836s, table=12, n_packets=0, n_bytes=0, idle_age=62309, priority=0,metadata=0x1 actions=resubmit(,13)
 cookie=0x8c95b8b7, duration=62309.836s, table=13, n_packets=0, n_bytes=0, idle_age=62309, priority=110,metadata=0x1,dl_dst=3e:0b:f3:45:d5:d7 actions=resubmit(,14)
 cookie=0x9250ecf2, duration=62309.836s, table=13, n_packets=0, n_bytes=0, idle_age=62309, priority=110,icmp6,metadata=0x1,nw_ttl=255,icmp_type=135,icmp_code=0 actions=resubmit(,14)
 cookie=0x9250ecf2, duration=62309.836s, table=13, n_packets=0, n_bytes=0, idle_age=62309, priority=110,icmp6,metadata=0x1,nw_ttl=255,icmp_type=136,icmp_code=0 actions=resubmit(,14)
 cookie=0x9250ecf2, duration=62309.836s, table=13, n_packets=0, n_bytes=0, idle_age=62309, priority=110,icmp6,metadata=0x1,nw_ttl=255,icmp_type=134,icmp_code=0 actions=resubmit(,14)
 cookie=0x9250ecf2, duration=62309.836s, table=13, n_packets=0, n_bytes=0, idle_age=62309, priority=110,icmp6,metadata=0x1,nw_ttl=255,icmp_type=133,icmp_code=0 actions=resubmit(,14)
 cookie=0x9250ecf2, duration=62309.836s, table=13, n_packets=0, n_bytes=0, idle_age=62309, priority=110,icmp6,metadata=0x1,ipv6_src=fe80::/10,icmp_type=130 actions=resubmit(,14)
 cookie=0x9250ecf2, duration=62309.836s, table=13, n_packets=0, n_bytes=0, idle_age=62309, priority=110,icmp6,metadata=0x1,ipv6_src=fe80::/10,icmp_type=131 actions=resubmit(,14)
 cookie=0x9250ecf2, duration=62309.836s, table=13, n_packets=0, n_bytes=0, idle_age=62309, priority=110,icmp6,metadata=0x1,ipv6_src=fe80::/10,icmp_type=132 actions=resubmit(,14)
 cookie=0x9250ecf2, duration=62309.836s, table=13, n_packets=1, n_bytes=90, idle_age=62306, priority=110,icmp6,metadata=0x1,ipv6_dst=ff02::16,icmp_type=143 actions=resubmit(,14)
 cookie=0xd7fd022d, duration=62309.835s, table=13, n_packets=0, n_bytes=0, idle_age=62309, priority=110,ip,reg14=0x1,metadata=0x1 actions=resubmit(,14)
 cookie=0xd7fd022d, duration=62309.835s, table=13, n_packets=0, n_bytes=0, idle_age=62309, priority=110,ipv6,reg14=0x1,metadata=0x1 actions=resubmit(,14)
 cookie=0xf9299ba0, duration=62309.835s, table=13, n_packets=949, n_bytes=40758, idle_age=11, priority=110,metadata=0x1,dl_dst=01:00:00:00:00:00/01:00:00:00:00:00 actions=resubmit(,14)
 cookie=0x2395503a, duration=62309.837s, table=13, n_packets=136, n_bytes=13081, idle_age=62293, priority=0,metadata=0x1 actions=resubmit(,14)
 cookie=0xe03d4b32, duration=62309.835s, table=14, n_packets=0, n_bytes=0, idle_age=62309, priority=110,ipv6,reg0=0x4/0x4,metadata=0x1 actions=ct(table=15,zone=NXM_NX_REG13[0..15],nat)
 cookie=0xe03d4b32, duration=62309.835s, table=14, n_packets=0, n_bytes=0, idle_age=62309, priority=110,ip,reg0=0x4/0x4,metadata=0x1 actions=ct(table=15,zone=NXM_NX_REG13[0..15],nat)
 cookie=0x8a5cf42, duration=62309.837s, table=14, n_packets=0, n_bytes=0, idle_age=62309, priority=100,ipv6,reg0=0x1/0x1,metadata=0x1 actions=ct(table=15,zone=NXM_NX_REG13[0..15])
 cookie=0x8a5cf42, duration=62309.837s, table=14, n_packets=136, n_bytes=13081, idle_age=62293, priority=100,ip,reg0=0x1/0x1,metadata=0x1 actions=ct(table=15,zone=NXM_NX_REG13[0..15])
 cookie=0xf63ad80c, duration=62309.835s, table=14, n_packets=950, n_bytes=40848, idle_age=11, priority=0,metadata=0x1 actions=resubmit(,15)
 cookie=0x853a9e7, duration=62309.837s, table=15, n_packets=15, n_bytes=1110, idle_age=62293, priority=7,ct_state=+new-est+trk,metadata=0x1 actions=load:0x1->NXM_NX_XXREG0[103],load:0x1->NXM_NX_XXREG0[105],resubmit(,16)
 cookie=0x406640c, duration=62309.837s, table=15, n_packets=0, n_bytes=0, idle_age=62309, priority=6,ct_state=-new+est-rpl+trk,ct_mark=0x1/0x1,metadata=0x1 actions=load:0x1->NXM_NX_XXREG0[103],load:0x1->NXM_NX_XXREG0[105],resubmit(,16)
 cookie=0x3c49f917, duration=62309.836s, table=15, n_packets=75, n_bytes=6665, idle_age=62293, priority=4,ct_state=-new+est-rpl+trk,ct_mark=0/0x1,metadata=0x1 actions=load:0x1->NXM_NX_XXREG0[104],load:0x1->NXM_NX_XXREG0[106],resubmit(,16)
 cookie=0x6001a8e6, duration=62309.836s, table=15, n_packets=950, n_bytes=40848, idle_age=11, priority=5,ct_state=-trk,metadata=0x1 actions=load:0x1->NXM_NX_XXREG0[104],load:0x1->NXM_NX_XXREG0[105],resubmit(,16)
 cookie=0x80d4ec2d, duration=62309.836s, table=15, n_packets=0, n_bytes=0, idle_age=62309, priority=3,ct_state=-est+trk,metadata=0x1 actions=load:0x1->NXM_NX_XXREG0[105],resubmit(,16)
 cookie=0x3b8ae4a3, duration=62309.836s, table=15, n_packets=0, n_bytes=0, idle_age=62309, priority=2,ct_state=+est+trk,ct_mark=0x1/0x1,metadata=0x1 actions=load:0x1->NXM_NX_XXREG0[105],resubmit(,16)
 cookie=0x4a4fb8db, duration=62309.836s, table=15, n_packets=46, n_bytes=5306, idle_age=62293, priority=1,ct_state=+est+trk,ct_mark=0/0x1,metadata=0x1 actions=load:0x1->NXM_NX_XXREG0[106],resubmit(,16)
 cookie=0x4541d7d1, duration=62309.836s, table=15, n_packets=0, n_bytes=0, idle_age=62309, priority=0,metadata=0x1 actions=resubmit(,16)
 cookie=0x8f0c21fc, duration=62309.836s, table=16, n_packets=0, n_bytes=0, idle_age=62309, priority=65532,ct_state=-new-est+rel-inv+trk,ct_mark=0/0x1,metadata=0x1 actions=resubmit(,17)
 cookie=0x90745261, duration=62309.836s, table=16, n_packets=0, n_bytes=0, idle_age=62309, priority=65532,icmp6,metadata=0x1,nw_ttl=255,icmp_type=135,icmp_code=0 actions=resubmit(,17)
 cookie=0x90745261, duration=62309.836s, table=16, n_packets=0, n_bytes=0, idle_age=62309, priority=65532,icmp6,metadata=0x1,nw_ttl=255,icmp_type=136,icmp_code=0 actions=resubmit(,17)
 cookie=0x90745261, duration=62309.836s, table=16, n_packets=0, n_bytes=0, idle_age=62309, priority=65532,icmp6,metadata=0x1,nw_ttl=255,icmp_type=134,icmp_code=0 actions=resubmit(,17)
 cookie=0x90745261, duration=62309.836s, table=16, n_packets=0, n_bytes=0, idle_age=62309, priority=65532,icmp6,metadata=0x1,nw_ttl=255,icmp_type=133,icmp_code=0 actions=resubmit(,17)
 cookie=0x90745261, duration=62309.836s, table=16, n_packets=0, n_bytes=0, idle_age=62309, priority=65532,icmp6,metadata=0x1,ipv6_src=fe80::/10,icmp_type=130 actions=resubmit(,17)
 cookie=0x90745261, duration=62309.836s, table=16, n_packets=0, n_bytes=0, idle_age=62309, priority=65532,icmp6,metadata=0x1,ipv6_src=fe80::/10,icmp_type=131 actions=resubmit(,17)
 cookie=0x90745261, duration=62309.836s, table=16, n_packets=0, n_bytes=0, idle_age=62309, priority=65532,icmp6,metadata=0x1,ipv6_src=fe80::/10,icmp_type=132 actions=resubmit(,17)
 cookie=0x90745261, duration=62309.836s, table=16, n_packets=1, n_bytes=90, idle_age=62306, priority=65532,icmp6,metadata=0x1,ipv6_dst=ff02::16,icmp_type=143 actions=resubmit(,17)
 cookie=0x9ee089d3, duration=62309.836s, table=16, n_packets=0, n_bytes=0, idle_age=62309, priority=65532,ct_state=+inv+trk,metadata=0x1 actions=drop
 cookie=0x9ee089d3, duration=62309.836s, table=16, n_packets=0, n_bytes=0, idle_age=62309, priority=65532,ct_state=+est+rpl+trk,ct_mark=0x1/0x1,metadata=0x1 actions=drop
 cookie=0xa7651df3, duration=62309.836s, table=16, n_packets=46, n_bytes=5306, idle_age=62293, priority=65532,ct_state=-new+est-rel+rpl-inv+trk,ct_mark=0/0x1,metadata=0x1 actions=load:0->NXM_NX_XXREG0[105],load:0->NXM_NX_XXREG0[106],resubmit(,17)
 cookie=0xabd855ef, duration=62309.835s, table=16, n_packets=0, n_bytes=0, idle_age=62309, priority=34000,metadata=0x1,dl_dst=3e:0b:f3:45:d5:d7 actions=resubmit(,17)
 cookie=0x70f93d5, duration=62309.837s, table=16, n_packets=0, n_bytes=0, idle_age=62309, priority=2002,ipv6,reg0=0x100/0x100,reg14=0x3,metadata=0x1 actions=resubmit(,17)
 cookie=0xd2ced25d, duration=62309.835s, table=16, n_packets=78, n_bytes=7691, idle_age=24495, priority=2002,ip,reg0=0x100/0x100,reg14=0x3,metadata=0x1 actions=resubmit(,17)
 cookie=0x7944d8aa, duration=62309.836s, table=16, n_packets=15, n_bytes=1110, idle_age=62293, priority=2002,ip,reg0=0x80/0x80,reg14=0x3,metadata=0x1 actions=load:0x1->NXM_NX_XXREG0[97],resubmit(,17)
 cookie=0x9d81a06b, duration=62309.836s, table=16, n_packets=0, n_bytes=0, idle_age=62309, priority=2002,ipv6,reg0=0x80/0x80,reg14=0x3,metadata=0x1 actions=load:0x1->NXM_NX_XXREG0[97],resubmit(,17)
 cookie=0x3a243e21, duration=62309.836s, table=16, n_packets=0, n_bytes=0, idle_age=62309, priority=2001,ipv6,reg0=0x200/0x200,reg14=0x3,metadata=0x1 actions=drop
 cookie=0x3a243e21, duration=62309.836s, table=16, n_packets=0, n_bytes=0, idle_age=62309, priority=2001,ip,reg0=0x200/0x200,reg14=0x3,metadata=0x1 actions=drop
 cookie=0xce8c49d2, duration=62309.835s, table=16, n_packets=0, n_bytes=0, idle_age=62309, priority=2001,ipv6,reg0=0x400/0x400,reg14=0x3,metadata=0x1 actions=ct(commit,zone=NXM_NX_REG13[0..15],nat(src),exec(load:0x1->NXM_NX_CT_MARK[0]))
 cookie=0xce8c49d2, duration=62309.835s, table=16, n_packets=0, n_bytes=0, idle_age=62309, priority=2001,ip,reg0=0x400/0x400,reg14=0x3,metadata=0x1 actions=ct(commit,zone=NXM_NX_REG13[0..15],nat(src),exec(load:0x1->NXM_NX_CT_MARK[0]))
 cookie=0x8b17a03f, duration=62309.836s, table=16, n_packets=0, n_bytes=0, idle_age=62309, priority=1,ct_state=+est+trk,ct_mark=0x1/0x1,ip,metadata=0x1 actions=load:0x1->NXM_NX_XXREG0[97],resubmit(,17)
 cookie=0x8b17a03f, duration=62309.836s, table=16, n_packets=0, n_bytes=0, idle_age=62309, priority=1,ct_state=+est+trk,ct_mark=0x1/0x1,ipv6,metadata=0x1 actions=load:0x1->NXM_NX_XXREG0[97],resubmit(,17)
 cookie=0xdca72ea9, duration=62309.835s, table=16, n_packets=0, n_bytes=0, idle_age=62309, priority=1,ct_state=-est+trk,ip,metadata=0x1 actions=load:0x1->NXM_NX_XXREG0[97],resubmit(,17)
 cookie=0xdca72ea9, duration=62309.835s, table=16, n_packets=0, n_bytes=0, idle_age=62309, priority=1,ct_state=-est+trk,ipv6,metadata=0x1 actions=load:0x1->NXM_NX_XXREG0[97],resubmit(,17)
 cookie=0x76060191, duration=62309.836s, table=16, n_packets=946, n_bytes=39732, idle_age=11, priority=0,metadata=0x1 actions=resubmit(,17)
 cookie=0x67341470, duration=62309.836s, table=17, n_packets=1086, n_bytes=53929, idle_age=11, priority=0,metadata=0x1 actions=resubmit(,18)
 cookie=0x5b010ea4, duration=62309.836s, table=18, n_packets=1086, n_bytes=53929, idle_age=11, priority=0,metadata=0x1 actions=resubmit(,19)
 cookie=0x4102a6b7, duration=62309.836s, table=19, n_packets=1086, n_bytes=53929, idle_age=11, priority=0,metadata=0x1 actions=resubmit(,20)
 cookie=0x26b6049f, duration=62309.837s, table=20, n_packets=1086, n_bytes=53929, idle_age=11, priority=0,metadata=0x1 actions=resubmit(,21)
 cookie=0x3e4ad8cc, duration=62309.836s, table=21, n_packets=1086, n_bytes=53929, idle_age=11, priority=0,metadata=0x1 actions=resubmit(,22)
 cookie=0x4c57f552, duration=62309.836s, table=22, n_packets=1086, n_bytes=53929, idle_age=11, priority=0,metadata=0x1 actions=resubmit(,23)
 cookie=0x2770c615, duration=62309.836s, table=23, n_packets=0, n_bytes=0, idle_age=62309, priority=100,ipv6,reg0=0x2002/0x2002,metadata=0x1 actions=ct(commit,zone=NXM_NX_REG13[0..15],nat(src),exec(load:0->NXM_NX_CT_MARK[0],move:NXM_NX_XXREG0[0..31]->NXM_NX_CT_LABEL[96..127])),resubmit(,24)
 cookie=0x2770c615, duration=62309.836s, table=23, n_packets=0, n_bytes=0, idle_age=62309, priority=100,ip,reg0=0x2002/0x2002,metadata=0x1 actions=ct(commit,zone=NXM_NX_REG13[0..15],nat(src),exec(load:0->NXM_NX_CT_MARK[0],move:NXM_NX_XXREG0[0..31]->NXM_NX_CT_LABEL[96..127])),resubmit(,24)
 cookie=0x891bfdd0, duration=62309.836s, table=23, n_packets=15, n_bytes=1110, idle_age=62293, priority=100,ip,reg0=0x2/0x2002,metadata=0x1 actions=ct(commit,zone=NXM_NX_REG13[0..15],nat(src),exec(load:0->NXM_NX_CT_MARK[0])),resubmit(,24)
 cookie=0x891bfdd0, duration=62309.836s, table=23, n_packets=0, n_bytes=0, idle_age=62309, priority=100,ipv6,reg0=0x2/0x2002,metadata=0x1 actions=ct(commit,zone=NXM_NX_REG13[0..15],nat(src),exec(load:0->NXM_NX_CT_MARK[0])),resubmit(,24)
 cookie=0x3ac1d67a, duration=62309.836s, table=23, n_packets=1071, n_bytes=52819, idle_age=11, priority=0,metadata=0x1 actions=resubmit(,24)
 cookie=0x412e32d2, duration=62309.836s, table=24, n_packets=1086, n_bytes=53929, idle_age=11, priority=0,metadata=0x1 actions=resubmit(,25)
 cookie=0x68018c80, duration=62309.836s, table=25, n_packets=1086, n_bytes=53929, idle_age=11, priority=0,metadata=0x1 actions=resubmit(,26)
 cookie=0x47add264, duration=62309.836s, table=26, n_packets=0, n_bytes=0, idle_age=62309, priority=1000,reg0=0x4000/0x4000,metadata=0x1 actions=resubmit(,33)
 cookie=0x56e0ab7a, duration=62309.836s, table=26, n_packets=1086, n_bytes=53929, idle_age=11, priority=0,metadata=0x1 actions=resubmit(,27)
 cookie=0x54a974d6, duration=62309.836s, table=27, n_packets=0, n_bytes=0, idle_age=62309, priority=100,reg14=0x1,metadata=0x1 actions=resubmit(,28)
 cookie=0x8a65538c, duration=62309.836s, table=27, n_packets=9, n_bytes=378, idle_age=24493, priority=100,arp,reg14=0x3,metadata=0x1,arp_tpa=192.168.200.35,arp_op=1 actions=resubmit(,28)
 cookie=0xed13fb51, duration=62306.520s, table=27, n_packets=0, n_bytes=0, idle_age=62306, priority=100,arp,reg14=0x2,metadata=0x1,arp_tpa=192.168.200.2,arp_op=1 actions=resubmit(,28)
 cookie=0x25110128, duration=62309.837s, table=27, n_packets=0, n_bytes=0, idle_age=62309, priority=50,arp,metadata=0x1,arp_tpa=192.168.200.35,arp_op=1 actions=move:NXM_OF_ETH_SRC[]->NXM_OF_ETH_DST[],mod_dl_src:fa:16:3e:a9:54:a3,load:0x2->NXM_OF_ARP_OP[],move:NXM_NX_ARP_SHA[]->NXM_NX_ARP_THA[],load:0xfa163ea954a3->NXM_NX_ARP_SHA[],move:NXM_OF_ARP_SPA[]->NXM_OF_ARP_TPA[],load:0xc0a8c823->NXM_OF_ARP_SPA[],move:NXM_NX_REG14[]->NXM_NX_REG15[],load:0x1->NXM_NX_REG10[0],resubmit(,37)
 cookie=0x66c1857e, duration=62309.836s, table=27, n_packets=1, n_bytes=42, idle_age=62294, priority=50,arp,metadata=0x1,arp_tpa=192.168.200.2,arp_op=1 actions=move:NXM_OF_ETH_SRC[]->NXM_OF_ETH_DST[],mod_dl_src:fa:16:3e:59:59:5d,load:0x2->NXM_OF_ARP_OP[],move:NXM_NX_ARP_SHA[]->NXM_NX_ARP_THA[],load:0xfa163e59595d->NXM_NX_ARP_SHA[],move:NXM_OF_ARP_SPA[]->NXM_OF_ARP_TPA[],load:0xc0a8c802->NXM_OF_ARP_SPA[],move:NXM_NX_REG14[]->NXM_NX_REG15[],load:0x1->NXM_NX_REG10[0],resubmit(,37)
 cookie=0x630f637, duration=62309.837s, table=27, n_packets=1076, n_bytes=53509, idle_age=11, priority=0,metadata=0x1 actions=resubmit(,28)
 cookie=0x3ce66518, duration=62309.836s, table=28, n_packets=0, n_bytes=0, idle_age=62309, priority=100,udp,reg14=0x3,metadata=0x1,dl_src=fa:16:3e:a9:54:a3,nw_src=192.168.200.35,nw_dst=192.168.200.1,tp_src=68,tp_dst=67 actions=controller(userdata=00.00.00.02.00.00.00.00.00.01.de.10.00.00.00.63.c0.a8.c8.23.79.0e.20.a9.fe.a9.fe.c0.a8.c8.02.00.c0.a8.c8.01.06.04.c0.a8.2c.02.33.04.00.00.a8.c0.1a.02.05.dc.01.04.ff.ff.ff.00.03.04.c0.a8.c8.01.36.04.c0.a8.c8.01,pause),resubmit(,29)
 cookie=0x3ce66518, duration=62309.836s, table=28, n_packets=1, n_bytes=342, idle_age=24495, priority=100,udp,reg14=0x3,metadata=0x1,dl_src=fa:16:3e:a9:54:a3,nw_src=192.168.200.35,nw_dst=255.255.255.255,tp_src=68,tp_dst=67 actions=controller(userdata=00.00.00.02.00.00.00.00.00.01.de.10.00.00.00.63.c0.a8.c8.23.79.0e.20.a9.fe.a9.fe.c0.a8.c8.02.00.c0.a8.c8.01.06.04.c0.a8.2c.02.33.04.00.00.a8.c0.1a.02.05.dc.01.04.ff.ff.ff.00.03.04.c0.a8.c8.01.36.04.c0.a8.c8.01,pause),resubmit(,29)
 cookie=0xf8ec6744, duration=62309.835s, table=28, n_packets=2, n_bytes=684, idle_age=62300, priority=100,udp,reg14=0x3,metadata=0x1,dl_src=fa:16:3e:a9:54:a3,nw_src=0.0.0.0,nw_dst=255.255.255.255,tp_src=68,tp_dst=67 actions=controller(userdata=00.00.00.02.00.00.00.00.00.01.de.10.00.00.00.63.c0.a8.c8.23.79.0e.20.a9.fe.a9.fe.c0.a8.c8.02.00.c0.a8.c8.01.06.04.c0.a8.2c.02.33.04.00.00.a8.c0.1a.02.05.dc.01.04.ff.ff.ff.00.03.04.c0.a8.c8.01.36.04.c0.a8.c8.01,pause),resubmit(,29)
 cookie=0xdb77c295, duration=62309.835s, table=28, n_packets=1082, n_bytes=52861, idle_age=11, priority=0,metadata=0x1 actions=resubmit(,29)
 cookie=0x41b01146, duration=62309.836s, table=29, n_packets=3, n_bytes=1032, idle_age=24495, priority=100,udp,reg0=0x8/0x8,reg14=0x3,metadata=0x1,dl_src=fa:16:3e:a9:54:a3,tp_src=68,tp_dst=67 actions=move:NXM_OF_ETH_SRC[]->NXM_OF_ETH_DST[],mod_dl_src:fa:16:3e:5e:56:59,mod_nw_src:192.168.200.1,mod_tp_src:67,mod_tp_dst:68,move:NXM_NX_REG14[]->NXM_NX_REG15[],load:0x1->NXM_NX_REG10[0],resubmit(,37)
 cookie=0x7d0c7a2c, duration=62309.836s, table=29, n_packets=1082, n_bytes=52861, idle_age=11, priority=0,metadata=0x1 actions=resubmit(,30)
 cookie=0xf744279d, duration=62309.835s, table=30, n_packets=1082, n_bytes=52861, idle_age=11, priority=0,metadata=0x1 actions=resubmit(,31)
 cookie=0xebefd386, duration=62309.835s, table=31, n_packets=1082, n_bytes=52861, idle_age=11, priority=0,metadata=0x1 actions=resubmit(,32)
 cookie=0x68ce9eee, duration=62309.836s, table=32, n_packets=1082, n_bytes=52861, idle_age=11, priority=0,metadata=0x1 actions=resubmit(,33)
 cookie=0x5f0de88d, duration=62309.836s, table=33, n_packets=46, n_bytes=5306, idle_age=62293, priority=50,metadata=0x1,dl_dst=fa:16:3e:a9:54:a3 actions=load:0x3->NXM_NX_REG15[],resubmit(,37)
 cookie=0x6986e914, duration=62309.836s, table=33, n_packets=90, n_bytes=7775, idle_age=62293, priority=50,metadata=0x1,dl_dst=fa:16:3e:59:59:5d actions=load:0x2->NXM_NX_REG15[],resubmit(,37)
 cookie=0x767f94d1, duration=62309.836s, table=33, n_packets=0, n_bytes=0, idle_age=62309, priority=110,metadata=0x1,dl_dst=3e:0b:f3:45:d5:d7 actions=controller(userdata=00.00.00.12.00.00.00.00)
 cookie=0xa4633ce0, duration=62309.836s, table=33, n_packets=946, n_bytes=39780, idle_age=11, priority=70,metadata=0x1,dl_dst=01:00:00:00:00:00/01:00:00:00:00:00 actions=load:0x8000->NXM_NX_REG15[],resubmit(,37)
 cookie=0x7f10a000, duration=62309.836s, table=33, n_packets=0, n_bytes=0, idle_age=62309, priority=0,metadata=0x1 actions=load:0->NXM_NX_REG15[],resubmit(,71),resubmit(,34)
 cookie=0xec5627d1, duration=62309.835s, table=34, n_packets=0, n_bytes=0, idle_age=62309, priority=50,reg15=0,metadata=0x1 actions=load:0x8001->NXM_NX_REG15[],resubmit(,37)
 cookie=0x9ad4f982, duration=62309.836s, table=34, n_packets=0, n_bytes=0, idle_age=62309, priority=0,metadata=0x1 actions=resubmit(,37)
 cookie=0x0, duration=63816.868s, table=37, n_packets=0, n_bytes=0, idle_age=63816, priority=150,reg10=0x10/0x10 actions=resubmit(,38)
 cookie=0x0, duration=63816.868s, table=37, n_packets=0, n_bytes=0, idle_age=63816, priority=150,reg10=0x2/0x3 actions=resubmit(,38)
 cookie=0x453dce32, duration=62306.520s, table=37, n_packets=47, n_bytes=5396, idle_age=62293, priority=150,reg14=0x2,metadata=0x1 actions=resubmit(,38)
 cookie=0x670a566a, duration=62309.835s, table=37, n_packets=0, n_bytes=0, idle_age=62309, priority=100,reg15=0x8004,metadata=0x1 actions=load:0x2->NXM_NX_REG15[],resubmit(,39),load:0x8004->NXM_NX_REG15[],resubmit(,38)
 cookie=0x1aa9ddbf, duration=62309.835s, table=37, n_packets=945, n_bytes=39690, idle_age=11, priority=100,reg15=0x8000,metadata=0x1 actions=load:0x2->NXM_NX_REG15[],resubmit(,39),load:0x8000->NXM_NX_REG15[],resubmit(,38)
 cookie=0x0, duration=63816.868s, table=37, n_packets=94, n_bytes=8849, idle_age=24495, priority=0 actions=resubmit(,38)
 cookie=0x5befc3d8, duration=62309.835s, table=38, n_packets=50, n_bytes=6380, idle_age=24495, priority=100,reg15=0x3,metadata=0x1 actions=load:0x1->NXM_NX_REG13[],load:0x3->NXM_NX_REG11[],load:0x2->NXM_NX_REG12[],resubmit(,39)
 cookie=0x670a566a, duration=62309.835s, table=38, n_packets=0, n_bytes=0, idle_age=62309, priority=100,reg15=0x8004,metadata=0x1 actions=load:0x1->NXM_NX_REG15[],resubmit(,39),load:0x1->NXM_NX_REG13[],load:0x3->NXM_NX_REG15[],resubmit(,39),load:0x8004->NXM_NX_REG15[]
 cookie=0xf79caa83, duration=62309.835s, table=38, n_packets=0, n_bytes=0, idle_age=62309, priority=100,reg15=0x8002,metadata=0x1 actions=load:0x1->NXM_NX_REG15[],resubmit(,39),load:0x1->NXM_NX_REG13[],load:0x3->NXM_NX_REG15[],resubmit(,39),load:0x8002->NXM_NX_REG15[]
 cookie=0x1aa9ddbf, duration=62309.835s, table=38, n_packets=946, n_bytes=39780, idle_age=11, priority=100,reg15=0x8000,metadata=0x1 actions=load:0x1->NXM_NX_REG15[],resubmit(,39),load:0x1->NXM_NX_REG13[],load:0x3->NXM_NX_REG15[],resubmit(,39),load:0x8000->NXM_NX_REG15[]
 cookie=0x22645a2f, duration=62309.834s, table=38, n_packets=0, n_bytes=0, idle_age=62309, priority=100,reg15=0x1,metadata=0x1 actions=load:0x3->NXM_NX_REG11[],load:0x2->NXM_NX_REG12[],resubmit(,39)
 cookie=0x3c4205b8, duration=62309.834s, table=38, n_packets=0, n_bytes=0, idle_age=62309, priority=100,reg15=0x8001,metadata=0x1 actions=load:0x1->NXM_NX_REG15[],resubmit(,39),load:0x8001->NXM_NX_REG15[]
 cookie=0x453dce32, duration=62306.520s, table=38, n_packets=90, n_bytes=7775, idle_age=62293, priority=100,reg15=0x2,metadata=0x1 actions=load:0x4->NXM_NX_REG13[],load:0x3->NXM_NX_REG11[],load:0x2->NXM_NX_REG12[],resubmit(,39)
 cookie=0x22645a2f, duration=62309.834s, table=39, n_packets=0, n_bytes=0, idle_age=62309, priority=160,reg10=0x10/0x10,reg15=0x1,metadata=0x1 actions=drop
 cookie=0x22645a2f, duration=62309.834s, table=39, n_packets=1, n_bytes=90, idle_age=62306, priority=160,reg10=0x400/0x400,reg15=0x1,metadata=0x1 actions=drop
 cookie=0x5befc3d8, duration=62309.835s, table=39, n_packets=945, n_bytes=39690, idle_age=11, priority=100,reg10=0/0x1,reg14=0x3,reg15=0x3,metadata=0x1 actions=drop
 cookie=0x22645a2f, duration=62309.834s, table=39, n_packets=0, n_bytes=0, idle_age=62309, priority=100,reg10=0/0x1,reg14=0x1,reg15=0x1,metadata=0x1 actions=drop
 cookie=0x453dce32, duration=62306.520s, table=39, n_packets=0, n_bytes=0, idle_age=62306, priority=100,reg10=0/0x1,reg14=0x2,reg15=0x2,metadata=0x1 actions=drop
 cookie=0x0, duration=63816.868s, table=39, n_packets=2031, n_bytes=93625, idle_age=11, priority=0 actions=load:0->NXM_NX_REG0[],load:0->NXM_NX_REG1[],load:0->NXM_NX_REG2[],load:0->NXM_NX_REG3[],load:0->NXM_NX_REG4[],load:0->NXM_NX_REG5[],load:0->NXM_NX_REG6[],load:0->NXM_NX_REG7[],load:0->NXM_NX_REG8[],load:0->NXM_NX_REG9[],resubmit(,40)
 cookie=0x2c381733, duration=62309.836s, table=40, n_packets=0, n_bytes=0, idle_age=62309, priority=110,icmp6,metadata=0x1,nw_ttl=255,icmp_type=135,icmp_code=0 actions=resubmit(,41)
 cookie=0x2c381733, duration=62309.836s, table=40, n_packets=0, n_bytes=0, idle_age=62309, priority=110,icmp6,metadata=0x1,nw_ttl=255,icmp_type=136,icmp_code=0 actions=resubmit(,41)
 cookie=0x2c381733, duration=62309.836s, table=40, n_packets=0, n_bytes=0, idle_age=62309, priority=110,icmp6,metadata=0x1,nw_ttl=255,icmp_type=134,icmp_code=0 actions=resubmit(,41)
 cookie=0x2c381733, duration=62309.836s, table=40, n_packets=0, n_bytes=0, idle_age=62309, priority=110,icmp6,metadata=0x1,nw_ttl=255,icmp_type=133,icmp_code=0 actions=resubmit(,41)
 cookie=0x2c381733, duration=62309.836s, table=40, n_packets=0, n_bytes=0, idle_age=62309, priority=110,icmp6,metadata=0x1,ipv6_src=fe80::/10,icmp_type=130 actions=resubmit(,41)
 cookie=0x2c381733, duration=62309.836s, table=40, n_packets=0, n_bytes=0, idle_age=62309, priority=110,icmp6,metadata=0x1,ipv6_src=fe80::/10,icmp_type=131 actions=resubmit(,41)
 cookie=0x2c381733, duration=62309.836s, table=40, n_packets=0, n_bytes=0, idle_age=62309, priority=110,icmp6,metadata=0x1,ipv6_src=fe80::/10,icmp_type=132 actions=resubmit(,41)
 cookie=0x2c381733, duration=62309.836s, table=40, n_packets=1, n_bytes=90, idle_age=62306, priority=110,icmp6,metadata=0x1,ipv6_dst=ff02::16,icmp_type=143 actions=resubmit(,41)
 cookie=0x82630be6, duration=62309.836s, table=40, n_packets=1890, n_bytes=79380, idle_age=11, priority=110,metadata=0x1,dl_dst=01:00:00:00:00:00/01:00:00:00:00:00 actions=resubmit(,41)
 cookie=0x94de662b, duration=62309.836s, table=40, n_packets=0, n_bytes=0, idle_age=62309, priority=110,ipv6,reg15=0x1,metadata=0x1 actions=resubmit(,41)
 cookie=0x94de662b, duration=62309.836s, table=40, n_packets=0, n_bytes=0, idle_age=62309, priority=110,ip,reg15=0x1,metadata=0x1 actions=resubmit(,41)
 cookie=0xd42e96ab, duration=62309.835s, table=40, n_packets=0, n_bytes=0, idle_age=62309, priority=110,metadata=0x1,dl_src=3e:0b:f3:45:d5:d7 actions=resubmit(,41)
 cookie=0xede23bda, duration=62309.835s, table=40, n_packets=140, n_bytes=14155, idle_age=24495, priority=0,metadata=0x1 actions=resubmit(,41)
 cookie=0x228db3ba, duration=62309.837s, table=41, n_packets=0, n_bytes=0, idle_age=62309, priority=110,icmp6,metadata=0x1,nw_ttl=255,icmp_type=135,icmp_code=0 actions=resubmit(,42)
 cookie=0x228db3ba, duration=62309.837s, table=41, n_packets=0, n_bytes=0, idle_age=62309, priority=110,icmp6,metadata=0x1,nw_ttl=255,icmp_type=136,icmp_code=0 actions=resubmit(,42)
 cookie=0x228db3ba, duration=62309.837s, table=41, n_packets=0, n_bytes=0, idle_age=62309, priority=110,icmp6,metadata=0x1,nw_ttl=255,icmp_type=134,icmp_code=0 actions=resubmit(,42)
 cookie=0x228db3ba, duration=62309.837s, table=41, n_packets=0, n_bytes=0, idle_age=62309, priority=110,icmp6,metadata=0x1,nw_ttl=255,icmp_type=133,icmp_code=0 actions=resubmit(,42)
 cookie=0x228db3ba, duration=62309.837s, table=41, n_packets=0, n_bytes=0, idle_age=62309, priority=110,icmp6,metadata=0x1,ipv6_src=fe80::/10,icmp_type=130 actions=resubmit(,42)
 cookie=0x228db3ba, duration=62309.837s, table=41, n_packets=0, n_bytes=0, idle_age=62309, priority=110,icmp6,metadata=0x1,ipv6_src=fe80::/10,icmp_type=131 actions=resubmit(,42)
 cookie=0x228db3ba, duration=62309.837s, table=41, n_packets=0, n_bytes=0, idle_age=62309, priority=110,icmp6,metadata=0x1,ipv6_src=fe80::/10,icmp_type=132 actions=resubmit(,42)
 cookie=0x228db3ba, duration=62309.837s, table=41, n_packets=0, n_bytes=0, idle_age=62309, priority=110,udp6,metadata=0x1,tp_src=546,tp_dst=547 actions=resubmit(,42)
 cookie=0x228db3ba, duration=62309.837s, table=41, n_packets=0, n_bytes=0, idle_age=62309, priority=110,udp,metadata=0x1,tp_src=546,tp_dst=547 actions=resubmit(,42)
 cookie=0x228db3ba, duration=62309.837s, table=41, n_packets=1, n_bytes=90, idle_age=62306, priority=110,icmp6,metadata=0x1,ipv6_dst=ff02::16,icmp_type=143 actions=resubmit(,42)
 cookie=0x5d327d58, duration=62309.836s, table=41, n_packets=0, n_bytes=0, idle_age=62309, priority=110,ipv6,reg15=0x1,metadata=0x1 actions=resubmit(,42)
 cookie=0x5d327d58, duration=62309.836s, table=41, n_packets=0, n_bytes=0, idle_age=62309, priority=110,ip,reg15=0x1,metadata=0x1 actions=resubmit(,42)
 cookie=0x7a51affe, duration=62309.836s, table=41, n_packets=1890, n_bytes=79380, idle_age=11, priority=110,metadata=0x1,dl_dst=01:00:00:00:00:00/01:00:00:00:00:00 actions=resubmit(,42)
 cookie=0xc8ea4543, duration=62309.835s, table=41, n_packets=0, n_bytes=0, idle_age=62309, priority=110,metadata=0x1,dl_src=3e:0b:f3:45:d5:d7 actions=resubmit(,42)
 cookie=0xdc63cdb, duration=62309.837s, table=41, n_packets=0, n_bytes=0, idle_age=62309, priority=100,ipv6,metadata=0x1 actions=load:0x1->NXM_NX_XXREG0[96],resubmit(,42)
 cookie=0xdc63cdb, duration=62309.837s, table=41, n_packets=139, n_bytes=14113, idle_age=24495, priority=100,ip,metadata=0x1 actions=load:0x1->NXM_NX_XXREG0[96],resubmit(,42)
 cookie=0xdb4a49ad, duration=62309.835s, table=41, n_packets=1, n_bytes=42, idle_age=62294, priority=0,metadata=0x1 actions=resubmit(,42)
 cookie=0x5c090ac7, duration=62309.836s, table=42, n_packets=0, n_bytes=0, idle_age=62309, priority=110,ipv6,reg0=0x4/0x4,metadata=0x1 actions=ct(table=43,zone=NXM_NX_REG13[0..15],nat)
 cookie=0x5c090ac7, duration=62309.836s, table=42, n_packets=0, n_bytes=0, idle_age=62309, priority=110,ip,reg0=0x4/0x4,metadata=0x1 actions=ct(table=43,zone=NXM_NX_REG13[0..15],nat)
 cookie=0x36a30005, duration=62309.836s, table=42, n_packets=0, n_bytes=0, idle_age=62309, priority=100,ipv6,reg0=0x1/0x1,metadata=0x1 actions=ct(table=43,zone=NXM_NX_REG13[0..15])
 cookie=0x36a30005, duration=62309.836s, table=42, n_packets=139, n_bytes=14113, idle_age=24495, priority=100,ip,reg0=0x1/0x1,metadata=0x1 actions=ct(table=43,zone=NXM_NX_REG13[0..15])
 cookie=0xb7f3db91, duration=62309.835s, table=42, n_packets=1892, n_bytes=79512, idle_age=11, priority=0,metadata=0x1 actions=resubmit(,43)
 cookie=0xed25cbe7, duration=62309.835s, table=43, n_packets=18, n_bytes=2142, idle_age=24495, priority=7,ct_state=+new-est+trk,metadata=0x1 actions=load:0x1->NXM_NX_XXREG0[103],load:0x1->NXM_NX_XXREG0[105],resubmit(,44)
 cookie=0x57bd53cf, duration=62309.836s, table=43, n_packets=75, n_bytes=6665, idle_age=62293, priority=4,ct_state=-new+est-rpl+trk,ct_mark=0/0x1,metadata=0x1 actions=load:0x1->NXM_NX_XXREG0[104],load:0x1->NXM_NX_XXREG0[106],resubmit(,44)
 cookie=0x6c5d1021, duration=62309.836s, table=43, n_packets=0, n_bytes=0, idle_age=62309, priority=6,ct_state=-new+est-rpl+trk,ct_mark=0x1/0x1,metadata=0x1 actions=load:0x1->NXM_NX_XXREG0[103],load:0x1->NXM_NX_XXREG0[105],resubmit(,44)
 cookie=0x1f48a793, duration=62309.837s, table=43, n_packets=1892, n_bytes=79512, idle_age=11, priority=5,ct_state=-trk,metadata=0x1 actions=load:0x1->NXM_NX_XXREG0[104],load:0x1->NXM_NX_XXREG0[105],resubmit(,44)
 cookie=0x19cab6d0, duration=62309.837s, table=43, n_packets=0, n_bytes=0, idle_age=62309, priority=3,ct_state=-est+trk,metadata=0x1 actions=load:0x1->NXM_NX_XXREG0[105],resubmit(,44)
 cookie=0x84733625, duration=62309.836s, table=43, n_packets=46, n_bytes=5306, idle_age=62293, priority=1,ct_state=+est+trk,ct_mark=0/0x1,metadata=0x1 actions=load:0x1->NXM_NX_XXREG0[106],resubmit(,44)
 cookie=0xae401396, duration=62309.835s, table=43, n_packets=0, n_bytes=0, idle_age=62309, priority=2,ct_state=+est+trk,ct_mark=0x1/0x1,metadata=0x1 actions=load:0x1->NXM_NX_XXREG0[105],resubmit(,44)
 cookie=0x1e64994d, duration=62309.837s, table=43, n_packets=0, n_bytes=0, idle_age=62309, priority=0,metadata=0x1 actions=resubmit(,44)
 cookie=0x90979a3, duration=62309.837s, table=44, n_packets=0, n_bytes=0, idle_age=62309, priority=65532,icmp6,metadata=0x1,nw_ttl=255,icmp_type=135,icmp_code=0 actions=resubmit(,45)
 cookie=0x90979a3, duration=62309.837s, table=44, n_packets=0, n_bytes=0, idle_age=62309, priority=65532,icmp6,metadata=0x1,nw_ttl=255,icmp_type=136,icmp_code=0 actions=resubmit(,45)
 cookie=0x90979a3, duration=62309.837s, table=44, n_packets=0, n_bytes=0, idle_age=62309, priority=65532,icmp6,metadata=0x1,nw_ttl=255,icmp_type=134,icmp_code=0 actions=resubmit(,45)
 cookie=0x90979a3, duration=62309.837s, table=44, n_packets=0, n_bytes=0, idle_age=62309, priority=65532,icmp6,metadata=0x1,nw_ttl=255,icmp_type=133,icmp_code=0 actions=resubmit(,45)
 cookie=0x90979a3, duration=62309.837s, table=44, n_packets=0, n_bytes=0, idle_age=62309, priority=65532,icmp6,metadata=0x1,ipv6_src=fe80::/10,icmp_type=130 actions=resubmit(,45)
 cookie=0x90979a3, duration=62309.837s, table=44, n_packets=0, n_bytes=0, idle_age=62309, priority=65532,icmp6,metadata=0x1,ipv6_src=fe80::/10,icmp_type=131 actions=resubmit(,45)
 cookie=0x90979a3, duration=62309.837s, table=44, n_packets=0, n_bytes=0, idle_age=62309, priority=65532,icmp6,metadata=0x1,ipv6_src=fe80::/10,icmp_type=132 actions=resubmit(,45)
 cookie=0x90979a3, duration=62309.837s, table=44, n_packets=1, n_bytes=90, idle_age=62306, priority=65532,icmp6,metadata=0x1,ipv6_dst=ff02::16,icmp_type=143 actions=resubmit(,45)
 cookie=0x500f2b09, duration=62309.836s, table=44, n_packets=46, n_bytes=5306, idle_age=62293, priority=65532,ct_state=-new+est-rel+rpl-inv+trk,ct_mark=0/0x1,metadata=0x1 actions=resubmit(,45)
 cookie=0x76d3ab9b, duration=62309.836s, table=44, n_packets=0, n_bytes=0, idle_age=62309, priority=65532,ct_state=+inv+trk,metadata=0x1 actions=drop
 cookie=0x76d3ab9b, duration=62309.836s, table=44, n_packets=0, n_bytes=0, idle_age=62309, priority=65532,ct_state=+est+rpl+trk,ct_mark=0x1/0x1,metadata=0x1 actions=drop
 cookie=0x9ccb6a68, duration=62309.836s, table=44, n_packets=0, n_bytes=0, idle_age=62309, priority=65532,ct_state=-new-est+rel-inv+trk,ct_mark=0/0x1,metadata=0x1 actions=resubmit(,45)
 cookie=0x30082ec3, duration=62309.836s, table=44, n_packets=3, n_bytes=1032, idle_age=24495, priority=34000,udp,reg15=0x3,metadata=0x1,dl_src=fa:16:3e:5e:56:59,nw_src=192.168.200.1,tp_src=67,tp_dst=68 actions=ct(commit,zone=NXM_NX_REG13[0..15],nat(src)),resubmit(,45)
 cookie=0xac861157, duration=62309.835s, table=44, n_packets=0, n_bytes=0, idle_age=62309, priority=34000,metadata=0x1,dl_src=3e:0b:f3:45:d5:d7 actions=resubmit(,45)
 cookie=0x22f3e734, duration=62309.837s, table=44, n_packets=0, n_bytes=0, idle_age=62309, priority=2002,ip,reg0=0x100/0x100,reg15=0x3,metadata=0x1,nw_src=192.168.200.35 actions=resubmit(,45)
 cookie=0xa80f92ad, duration=62309.836s, table=44, n_packets=0, n_bytes=0, idle_age=62309, priority=2002,ip,reg0=0x80/0x80,reg15=0x3,metadata=0x1,nw_src=192.168.200.35 actions=load:0x1->NXM_NX_XXREG0[97],resubmit(,45)
 cookie=0x48e0a67f, duration=62309.836s, table=44, n_packets=0, n_bytes=0, idle_age=62309, priority=2001,ipv6,reg0=0x200/0x200,reg15=0x3,metadata=0x1 actions=drop
 cookie=0x48e0a67f, duration=62309.836s, table=44, n_packets=0, n_bytes=0, idle_age=62309, priority=2001,ip,reg0=0x200/0x200,reg15=0x3,metadata=0x1 actions=drop
 cookie=0xdd056172, duration=62309.835s, table=44, n_packets=0, n_bytes=0, idle_age=62309, priority=2001,ip,reg0=0x400/0x400,reg15=0x3,metadata=0x1 actions=ct(commit,zone=NXM_NX_REG13[0..15],nat(src),exec(load:0x1->NXM_NX_CT_MARK[0]))
 cookie=0xdd056172, duration=62309.835s, table=44, n_packets=0, n_bytes=0, idle_age=62309, priority=2001,ipv6,reg0=0x400/0x400,reg15=0x3,metadata=0x1 actions=ct(commit,zone=NXM_NX_REG13[0..15],nat(src),exec(load:0x1->NXM_NX_CT_MARK[0]))
 cookie=0x42e654bf, duration=62309.836s, table=44, n_packets=0, n_bytes=0, idle_age=62309, priority=1,ct_state=+est+trk,ct_mark=0x1/0x1,ip,metadata=0x1 actions=load:0x1->NXM_NX_XXREG0[97],resubmit(,45)
 cookie=0x42e654bf, duration=62309.836s, table=44, n_packets=0, n_bytes=0, idle_age=62309, priority=1,ct_state=+est+trk,ct_mark=0x1/0x1,ipv6,metadata=0x1 actions=load:0x1->NXM_NX_XXREG0[97],resubmit(,45)
 cookie=0xfe5a967a, duration=62309.835s, table=44, n_packets=15, n_bytes=1110, idle_age=62293, priority=1,ct_state=-est+trk,ip,metadata=0x1 actions=load:0x1->NXM_NX_XXREG0[97],resubmit(,45)
 cookie=0xfe5a967a, duration=62309.835s, table=44, n_packets=0, n_bytes=0, idle_age=62309, priority=1,ct_state=-est+trk,ipv6,metadata=0x1 actions=load:0x1->NXM_NX_XXREG0[97],resubmit(,45)
 cookie=0xcd26295f, duration=62309.835s, table=44, n_packets=1966, n_bytes=86087, idle_age=11, priority=0,metadata=0x1 actions=resubmit(,45)
 cookie=0x2b2c2ff2, duration=62309.836s, table=45, n_packets=2031, n_bytes=93625, idle_age=11, priority=0,metadata=0x1 actions=resubmit(,46)
 cookie=0xbc11eaa6, duration=62309.835s, table=46, n_packets=2031, n_bytes=93625, idle_age=11, priority=0,metadata=0x1 actions=resubmit(,47)
 cookie=0x57366251, duration=62309.836s, table=47, n_packets=15, n_bytes=1110, idle_age=62293, priority=100,ip,reg0=0x2/0x2002,metadata=0x1 actions=ct(commit,zone=NXM_NX_REG13[0..15],nat(src),exec(load:0->NXM_NX_CT_MARK[0])),resubmit(,48)
 cookie=0x57366251, duration=62309.836s, table=47, n_packets=0, n_bytes=0, idle_age=62309, priority=100,ipv6,reg0=0x2/0x2002,metadata=0x1 actions=ct(commit,zone=NXM_NX_REG13[0..15],nat(src),exec(load:0->NXM_NX_CT_MARK[0])),resubmit(,48)
 cookie=0xa00a27cf, duration=62309.836s, table=47, n_packets=0, n_bytes=0, idle_age=62309, priority=100,ipv6,reg0=0x2002/0x2002,metadata=0x1 actions=ct(commit,zone=NXM_NX_REG13[0..15],nat(src),exec(load:0->NXM_NX_CT_MARK[0],move:NXM_NX_XXREG0[0..31]->NXM_NX_CT_LABEL[96..127])),resubmit(,48)
 cookie=0xa00a27cf, duration=62309.836s, table=47, n_packets=0, n_bytes=0, idle_age=62309, priority=100,ip,reg0=0x2002/0x2002,metadata=0x1 actions=ct(commit,zone=NXM_NX_REG13[0..15],nat(src),exec(load:0->NXM_NX_CT_MARK[0],move:NXM_NX_XXREG0[0..31]->NXM_NX_CT_LABEL[96..127])),resubmit(,48)
 cookie=0x381da0f9, duration=62309.836s, table=47, n_packets=2016, n_bytes=92515, idle_age=11, priority=0,metadata=0x1 actions=resubmit(,48)
 cookie=0xabb26b71, duration=62309.836s, table=48, n_packets=1891, n_bytes=79470, idle_age=11, priority=100,metadata=0x1,dl_dst=01:00:00:00:00:00/01:00:00:00:00:00 actions=load:0->NXM_NX_XXREG0[111],resubmit(,49)
 cookie=0x606b1f1a, duration=62309.836s, table=48, n_packets=140, n_bytes=14155, idle_age=24495, priority=0,metadata=0x1 actions=load:0->NXM_NX_REG10[12],resubmit(,75),move:NXM_NX_REG10[12]->NXM_NX_XXREG0[111],resubmit(,49)
 cookie=0x958ded94, duration=62309.836s, table=49, n_packets=0, n_bytes=0, idle_age=62309, priority=50,reg0=0x8000/0x8000,metadata=0x1 actions=drop
 cookie=0x2e1e477e, duration=62309.836s, table=49, n_packets=2031, n_bytes=93625, idle_age=11, priority=0,metadata=0x1 actions=resubmit(,64)
 cookie=0x5befc3d8, duration=62309.835s, table=64, n_packets=4, n_bytes=1074, idle_age=24495, priority=100,reg10=0x1/0x1,reg15=0x3,metadata=0x1 actions=push:NXM_OF_IN_PORT[],load:0xffff->NXM_OF_IN_PORT[],resubmit(,65),pop:NXM_OF_IN_PORT[]
 cookie=0x22645a2f, duration=62309.834s, table=64, n_packets=0, n_bytes=0, idle_age=62309, priority=100,reg10=0x1/0x1,reg15=0x1,metadata=0x1 actions=push:NXM_OF_IN_PORT[],load:0xffff->NXM_OF_IN_PORT[],resubmit(,65),pop:NXM_OF_IN_PORT[]
 cookie=0x453dce32, duration=62306.520s, table=64, n_packets=0, n_bytes=0, idle_age=62306, priority=100,reg10=0x1/0x1,reg15=0x2,metadata=0x1 actions=push:NXM_OF_IN_PORT[],load:0xffff->NXM_OF_IN_PORT[],resubmit(,65),pop:NXM_OF_IN_PORT[]
 cookie=0x0, duration=63816.868s, table=64, n_packets=2027, n_bytes=92551, idle_age=11, priority=0 actions=resubmit(,65)
 cookie=0x5befc3d8, duration=62309.835s, table=65, n_packets=51, n_bytes=6470, idle_age=24495, priority=100,reg15=0x3,metadata=0x1 actions=output:2
 cookie=0x22645a2f, duration=62309.834s, table=65, n_packets=945, n_bytes=39690, idle_age=11, priority=100,reg15=0x1,metadata=0x1 actions=mod_vlan_vid:100,output:3,strip_vlan
 cookie=0x453dce32, duration=62306.520s, table=65, n_packets=1033, n_bytes=47381, idle_age=11, priority=100,reg15=0x2,metadata=0x1 actions=output:4
 cookie=0x5befc3d8, duration=62309.835s, table=73, n_packets=949, n_bytes=39858, idle_age=11, priority=95,arp,reg14=0x3,metadata=0x1 actions=resubmit(,74)
 cookie=0x5befc3d8, duration=62309.835s, table=73, n_packets=91, n_bytes=8117, idle_age=24495, priority=90,ip,reg14=0x3,metadata=0x1,dl_src=fa:16:3e:a9:54:a3,nw_src=192.168.200.35 actions=load:0->NXM_NX_REG10[12]
 cookie=0x5befc3d8, duration=62309.835s, table=73, n_packets=2, n_bytes=684, idle_age=62300, priority=90,udp,reg14=0x3,metadata=0x1,dl_src=fa:16:3e:a9:54:a3,nw_src=0.0.0.0,nw_dst=255.255.255.255,tp_src=68,tp_dst=67 actions=load:0->NXM_NX_REG10[12]
 cookie=0x5befc3d8, duration=62309.835s, table=73, n_packets=9, n_bytes=726, idle_age=62287, priority=80,reg14=0x3,metadata=0x1 actions=load:0x1->NXM_NX_REG10[12]
 cookie=0x5befc3d8, duration=62309.835s, table=74, n_packets=946, n_bytes=39732, idle_age=11, priority=90,arp,reg14=0x3,metadata=0x1,dl_src=fa:16:3e:a9:54:a3,arp_spa=192.168.200.35,arp_sha=fa:16:3e:a9:54:a3 actions=load:0->NXM_NX_REG10[12]
 cookie=0x5befc3d8, duration=62309.835s, table=74, n_packets=0, n_bytes=0, idle_age=62309, priority=90,icmp6,reg14=0x3,metadata=0x1,nw_ttl=225,icmp_type=135,icmp_code=0,nd_sll=00:00:00:00:00:00 actions=load:0->NXM_NX_REG10[12]
 cookie=0x5befc3d8, duration=62309.835s, table=74, n_packets=0, n_bytes=0, idle_age=62309, priority=90,icmp6,reg14=0x3,metadata=0x1,nw_ttl=225,icmp_type=135,icmp_code=0,nd_sll=fa:16:3e:a9:54:a3 actions=load:0->NXM_NX_REG10[12]
 cookie=0x5befc3d8, duration=62309.835s, table=74, n_packets=0, n_bytes=0, idle_age=62309, priority=90,icmp6,reg14=0x3,metadata=0x1,nw_ttl=225,icmp_type=136,icmp_code=0,nd_tll=00:00:00:00:00:00 actions=load:0->NXM_NX_REG10[12]
 cookie=0x5befc3d8, duration=62309.835s, table=74, n_packets=0, n_bytes=0, idle_age=62309, priority=90,icmp6,reg14=0x3,metadata=0x1,nw_ttl=225,icmp_type=136,icmp_code=0,nd_tll=fa:16:3e:a9:54:a3 actions=load:0->NXM_NX_REG10[12]
 cookie=0x5befc3d8, duration=62309.835s, table=74, n_packets=3, n_bytes=126, idle_age=62297, priority=80,arp,reg14=0x3,metadata=0x1 actions=load:0x1->NXM_NX_REG10[12]
 cookie=0x5befc3d8, duration=62309.835s, table=74, n_packets=0, n_bytes=0, idle_age=62309, priority=80,icmp6,reg14=0x3,metadata=0x1,nw_ttl=255,icmp_type=136 actions=load:0x1->NXM_NX_REG10[12]
 cookie=0x5befc3d8, duration=62309.835s, table=74, n_packets=0, n_bytes=0, idle_age=62309, priority=80,icmp6,reg14=0x3,metadata=0x1,nw_ttl=255,icmp_type=135 actions=load:0->NXM_NX_REG10[12]
 cookie=0x5befc3d8, duration=62309.835s, table=75, n_packets=49, n_bytes=6338, idle_age=24495, priority=95,ip,reg15=0x3,metadata=0x1,dl_dst=fa:16:3e:a9:54:a3,nw_dst=192.168.200.35 actions=load:0->NXM_NX_REG10[12]
 cookie=0x5befc3d8, duration=62309.835s, table=75, n_packets=0, n_bytes=0, idle_age=62309, priority=95,ip,reg15=0x3,metadata=0x1,dl_dst=fa:16:3e:a9:54:a3,nw_dst=255.255.255.255 actions=load:0->NXM_NX_REG10[12]
 cookie=0x5befc3d8, duration=62309.835s, table=75, n_packets=0, n_bytes=0, idle_age=62309, priority=95,ip,reg15=0x3,metadata=0x1,dl_dst=fa:16:3e:a9:54:a3,nw_dst=224.0.0.0/4 actions=load:0->NXM_NX_REG10[12]
 cookie=0x5befc3d8, duration=62309.835s, table=75, n_packets=0, n_bytes=0, idle_age=62309, priority=90,ip,reg15=0x3,metadata=0x1,dl_dst=fa:16:3e:a9:54:a3 actions=load:0x1->NXM_NX_REG10[12]
 cookie=0x5befc3d8, duration=62309.835s, table=75, n_packets=0, n_bytes=0, idle_age=62309, priority=90,ipv6,reg15=0x3,metadata=0x1,dl_dst=fa:16:3e:a9:54:a3 actions=load:0x1->NXM_NX_REG10[12]
 cookie=0x5befc3d8, duration=62309.835s, table=75, n_packets=1, n_bytes=42, idle_age=62294, priority=85,reg15=0x3,metadata=0x1,dl_dst=fa:16:3e:a9:54:a3 actions=load:0->NXM_NX_REG10[12]
 cookie=0x5befc3d8, duration=62309.835s, table=75, n_packets=0, n_bytes=0, idle_age=62309, priority=80,reg15=0x3,metadata=0x1 actions=load:0x1->NXM_NX_REG10[12]
