NXST_FLOW reply (xid=0x4):
 cookie=0x240db3d6, duration=63877.540s, table=0, n_packets=0, n_bytes=0, idle_age=63877, priority=180,dl_src=fa:16:3e:6c:3c:b6 actions=conjunction(100,1/2)
 cookie=0x22645a2f, duration=62377.993s, table=0, n_packets=0, n_bytes=0, idle_age=62377, priority=150,in_port=3,dl_vlan=100 actions=strip_vlan,load:0x3->NXM_NX_REG11[],load:0x2->NXM_NX_REG12[],load:0x1->OXM_OF_METADATA[],load:0x1->NXM_NX_REG14[],resubmit(,8)
 cookie=0x0, duration=63877.507s, table=0, n_packets=0, n_bytes=0, idle_age=63877, priority=105,tun_id=0x800000/0x800000,in_port=1 actions=load:0x1->NXM_NX_REG15[15],move:NXM_NX_TUN_ID[12..22]->NXM_NX_REG15[0..10],move:NXM_NX_TUN_ID[0..11]->OXM_OF_METADATA[0..11],resubmit(,38)
 cookie=0x0, duration=63877.507s, table=0, n_packets=0, n_bytes=0, idle_age=63877, priority=100,in_port=1 actions=move:NXM_NX_TUN_ID[12..23]->NXM_NX_REG15[0..11],move:NXM_NX_TUN_ID[0..11]->OXM_OF_METADATA[0..11],resubmit(,38)
 cookie=0x4ccb7580, duration=62377.995s, table=8, n_packets=0, n_bytes=0, idle_age=62377, priority=100,metadata=0x1,vlan_tci=0x1000/0x1000 actions=drop
 cookie=0xbc467ac9, duration=62377.994s, table=8, n_packets=0, n_bytes=0, idle_age=62377, priority=100,metadata=0x1,dl_src=01:00:00:00:00:00/01:00:00:00:00:00 actions=drop
 cookie=0x8f00da4, duration=62377.996s, table=8, n_packets=1101, n_bytes=54907, idle_age=15, priority=50,metadata=0x1 actions=load:0->NXM_NX_REG10[12],resubmit(,73),move:NXM_NX_REG10[12]->NXM_NX_XXREG0[111],resubmit(,9)
 cookie=0xe65c9892, duration=62377.994s, table=9, n_packets=12, n_bytes=852, idle_age=62356, priority=50,reg0=0x8000/0x8000,metadata=0x1 actions=drop
 cookie=0x34674e41, duration=62377.995s, table=9, n_packets=1089, n_bytes=54055, idle_age=15, priority=0,metadata=0x1 actions=resubmit(,10)
 cookie=0x25a1f73b, duration=62377.996s, table=10, n_packets=1089, n_bytes=54055, idle_age=15, priority=0,metadata=0x1 actions=resubmit(,11)
 cookie=0x12d426, duration=62377.996s, table=11, n_packets=1089, n_bytes=54055, idle_age=15, priority=0,metadata=0x1 actions=resubmit(,12)
 cookie=0xb2705fe, duration=62377.996s, table=12, n_packets=0, n_bytes=0, idle_age=62377, priority=110,metadata=0x1,dl_dst=3e:0b:f3:45:d5:d7 actions=resubmit(,13)
 cookie=0x86158177, duration=62377.995s, table=12, n_packets=0, n_bytes=0, idle_age=62377, priority=0,metadata=0x1 actions=resubmit(,13)
 cookie=0x8c95b8b7, duration=62377.995s, table=13, n_packets=0, n_bytes=0, idle_age=62377, priority=110,metadata=0x1,dl_dst=3e:0b:f3:45:d5:d7 actions=resubmit(,14)
 cookie=0x9250ecf2, duration=62377.995s, table=13, n_packets=0, n_bytes=0, idle_age=62377, priority=110,icmp6,metadata=0x1,nw_ttl=255,icmp_type=135,icmp_code=0 actions=resubmit(,14)
 cookie=0x9250ecf2, duration=62377.995s, table=13, n_packets=0, n_bytes=0, idle_age=62377, priority=110,icmp6,metadata=0x1,nw_ttl=255,icmp_type=136,icmp_code=0 actions=resubmit(,14)
 cookie=0x9250ecf2, duration=62377.995s, table=13, n_packets=0, n_bytes=0, idle_age=62377, priority=110,icmp6,metadata=0x1,nw_ttl=255,icmp_type=134,icmp_code=0 actions=resubmit(,14)
 cookie=0x9250ecf2, duration=62377.995s, table=13, n_packets=0, n_bytes=0, idle_age=62377, priority=110,icmp6,metadata=0x1,nw_ttl=255,icmp_type=133,icmp_code=0 actions=resubmit(,14)
 cookie=0x9250ecf2, duration=62377.995s, table=13, n_packets=0, n_bytes=0, idle_age=62377, priority=110,icmp6,metadata=0x1,ipv6_src=fe80::/10,icmp_type=130 actions=resubmit(,14)
 cookie=0x9250ecf2, duration=62377.995s, table=13, n_packets=0, n_bytes=0, idle_age=62377, priority=110,icmp6,metadata=0x1,ipv6_src=fe80::/10,icmp_type=131 actions=resubmit(,14)
 cookie=0x9250ecf2, duration=62377.995s, table=13, n_packets=0, n_bytes=0, idle_age=62377, priority=110,icmp6,metadata=0x1,ipv6_src=fe80::/10,icmp_type=132 actions=resubmit(,14)
 cookie=0x9250ecf2, duration=62377.995s, table=13, n_packets=1, n_bytes=90, idle_age=62374, priority=110,icmp6,metadata=0x1,ipv6_dst=ff02::16,icmp_type=143 actions=resubmit(,14)
 cookie=0xd7fd022d, duration=62377.994s, table=13, n_packets=0, n_bytes=0, idle_age=62377, priority=110,ip,reg14=0x1,metadata=0x1 actions=resubmit(,14)
 cookie=0xd7fd022d, duration=62377.994s, table=13, n_packets=0, n_bytes=0, idle_age=62377, priority=110,ipv6,reg14=0x1,metadata=0x1 actions=resubmit(,14)
 cookie=0xf9299ba0, duration=62377.994s, table=13, n_packets=952, n_bytes=40884, idle_age=15, priority=110,metadata=0x1,dl_dst=01:00:00:00:00:00/01:00:00:00:00:00 actions=resubmit(,14)
 cookie=0x2395503a, duration=62377.996s, table=13, n_packets=136, n_bytes=13081, idle_age=62361, priority=0,metadata=0x1 actions=resubmit(,14)
 cookie=0xe03d4b32, duration=62377.994s, table=14, n_packets=0, n_bytes=0, idle_age=62377, priority=110,ipv6,reg0=0x4/0x4,metadata=0x1 actions=ct(table=15,zone=NXM_NX_REG13[0..15],nat)
 cookie=0xe03d4b32, duration=62377.994s, table=14, n_packets=0, n_bytes=0, idle_age=62377, priority=110,ip,reg0=0x4/0x4,metadata=0x1 actions=ct(table=15,zone=NXM_NX_REG13[0..15],nat)
 cookie=0x8a5cf42, duration=62377.996s, table=14, n_packets=0, n_bytes=0, idle_age=62377, priority=100,ipv6,reg0=0x1/0x1,metadata=0x1 actions=ct(table=15,zone=NXM_NX_REG13[0..15])
 cookie=0x8a5cf42, duration=62377.996s, table=14, n_packets=136, n_bytes=13081, idle_age=62361, priority=100,ip,reg0=0x1/0x1,metadata=0x1 actions=ct(table=15,zone=NXM_NX_REG13[0..15])
 cookie=0xf63ad80c, duration=62377.994s, table=14, n_packets=953, n_bytes=40974, idle_age=15, priority=0,metadata=0x1 actions=resubmit(,15)
 cookie=0x9a4c93b6, duration=13.668s, table=15, n_packets=0, n_bytes=0, idle_age=13, priority=65535,metadata=0x1 actions=resubmit(,16)
 cookie=0x37107805, duration=13.668s, table=16, n_packets=0, n_bytes=0, idle_age=13, priority=65535,metadata=0x1 actions=resubmit(,17)
 cookie=0x67341470, duration=62377.995s, table=17, n_packets=1089, n_bytes=54055, idle_age=15, priority=0,metadata=0x1 actions=resubmit(,18)
 cookie=0x5b010ea4, duration=62377.995s, table=18, n_packets=1089, n_bytes=54055, idle_age=15, priority=0,metadata=0x1 actions=resubmit(,19)
 cookie=0x4102a6b7, duration=62377.995s, table=19, n_packets=1089, n_bytes=54055, idle_age=15, priority=0,metadata=0x1 actions=resubmit(,20)
 cookie=0x26b6049f, duration=62377.996s, table=20, n_packets=1089, n_bytes=54055, idle_age=15, priority=0,metadata=0x1 actions=resubmit(,21)
 cookie=0x3e4ad8cc, duration=62377.995s, table=21, n_packets=1089, n_bytes=54055, idle_age=15, priority=0,metadata=0x1 actions=resubmit(,22)
 cookie=0x4c57f552, duration=62377.995s, table=22, n_packets=1089, n_bytes=54055, idle_age=15, priority=0,metadata=0x1 actions=resubmit(,23)
 cookie=0x2770c615, duration=62377.995s, table=23, n_packets=0, n_bytes=0, idle_age=62377, priority=100,ipv6,reg0=0x2002/0x2002,metadata=0x1 actions=ct(commit,zone=NXM_NX_REG13[0..15],nat(src),exec(load:0->NXM_NX_CT_MARK[0],move:NXM_NX_XXREG0[0..31]->NXM_NX_CT_LABEL[96..127])),resubmit(,24)
 cookie=0x2770c615, duration=62377.995s, table=23, n_packets=0, n_bytes=0, idle_age=62377, priority=100,ip,reg0=0x2002/0x2002,metadata=0x1 actions=ct(commit,zone=NXM_NX_REG13[0..15],nat(src),exec(load:0->NXM_NX_CT_MARK[0],move:NXM_NX_XXREG0[0..31]->NXM_NX_CT_LABEL[96..127])),resubmit(,24)
 cookie=0x891bfdd0, duration=62377.995s, table=23, n_packets=15, n_bytes=1110, idle_age=62361, priority=100,ip,reg0=0x2/0x2002,metadata=0x1 actions=ct(commit,zone=NXM_NX_REG13[0..15],nat(src),exec(load:0->NXM_NX_CT_MARK[0])),resubmit(,24)
 cookie=0x891bfdd0, duration=62377.995s, table=23, n_packets=0, n_bytes=0, idle_age=62377, priority=100,ipv6,reg0=0x2/0x2002,metadata=0x1 actions=ct(commit,zone=NXM_NX_REG13[0..15],nat(src),exec(load:0->NXM_NX_CT_MARK[0])),resubmit(,24)
 cookie=0x3ac1d67a, duration=62377.995s, table=23, n_packets=1074, n_bytes=52945, idle_age=15, priority=0,metadata=0x1 actions=resubmit(,24)
 cookie=0x412e32d2, duration=62377.995s, table=24, n_packets=1089, n_bytes=54055, idle_age=15, priority=0,metadata=0x1 actions=resubmit(,25)
 cookie=0x68018c80, duration=62377.995s, table=25, n_packets=1089, n_bytes=54055, idle_age=15, priority=0,metadata=0x1 actions=resubmit(,26)
 cookie=0x47add264, duration=62377.995s, table=26, n_packets=0, n_bytes=0, idle_age=62377, priority=1000,reg0=0x4000/0x4000,metadata=0x1 actions=resubmit(,33)
 cookie=0x56e0ab7a, duration=62377.995s, table=26, n_packets=1089, n_bytes=54055, idle_age=15, priority=0,metadata=0x1 actions=resubmit(,27)
 cookie=0x54a974d6, duration=62377.995s, table=27, n_packets=0, n_bytes=0, idle_age=62377, priority=100,reg14=0x1,metadata=0x1 actions=resubmit(,28)
 cookie=0x66c1857e, duration=62377.995s, table=27, n_packets=1, n_bytes=42, idle_age=62362, priority=50,arp,metadata=0x1,arp_tpa=192.168.200.2,arp_op=1 actions=move:NXM_OF_ETH_SRC[]->NXM_OF_ETH_DST[],mod_dl_src:fa:16:3e:59:59:5d,load:0x2->NXM_OF_ARP_OP[],move:NXM_NX_ARP_SHA[]->NXM_NX_ARP_THA[],load:0xfa163e59595d->NXM_NX_ARP_SHA[],move:NXM_OF_ARP_SPA[]->NXM_OF_ARP_TPA[],load:0xc0a8c802->NXM_OF_ARP_SPA[],move:NXM_NX_REG14[]->NXM_NX_REG15[],load:0x1->NXM_NX_REG10[0],resubmit(,37)
 cookie=0x630f637, duration=62377.996s, table=27, n_packets=1079, n_bytes=53635, idle_age=15, priority=0,metadata=0x1 actions=resubmit(,28)
 cookie=0xdb77c295, duration=62377.994s, table=28, n_packets=1085, n_bytes=52987, idle_age=15, priority=0,metadata=0x1 actions=resubmit(,29)
 cookie=0x7d0c7a2c, duration=62377.995s, table=29, n_packets=1085, n_bytes=52987, idle_age=15, priority=0,metadata=0x1 actions=resubmit(,30)
 cookie=0xf744279d, duration=62377.994s, table=30, n_packets=1085, n_bytes=52987, idle_age=15, priority=0,metadata=0x1 actions=resubmit(,31)
 cookie=0xebefd386, duration=62377.994s, table=31, n_packets=1085, n_bytes=52987, idle_age=15, priority=0,metadata=0x1 actions=resubmit(,32)
 cookie=0x68ce9eee, duration=62377.995s, table=32, n_packets=1085, n_bytes=52987, idle_age=15, priority=0,metadata=0x1 actions=resubmit(,33)
 cookie=0x6986e914, duration=62377.995s, table=33, n_packets=90, n_bytes=7775, idle_age=62361, priority=50,metadata=0x1,dl_dst=fa:16:3e:59:59:5d actions=load:0x2->NXM_NX_REG15[],resubmit(,37)
 cookie=0x767f94d1, duration=62377.995s, table=33, n_packets=0, n_bytes=0, idle_age=62377, priority=110,metadata=0x1,dl_dst=3e:0b:f3:45:d5:d7 actions=controller(userdata=00.00.00.12.00.00.00.00)
 cookie=0xa4633ce0, duration=62377.995s, table=33, n_packets=949, n_bytes=39906, idle_age=15, priority=70,metadata=0x1,dl_dst=01:00:00:00:00:00/01:00:00:00:00:00 actions=load:0x8000->NXM_NX_REG15[],resubmit(,37)
 cookie=0x7f10a000, duration=62377.995s, table=33, n_packets=0, n_bytes=0, idle_age=62377, priority=0,metadata=0x1 actions=load:0->NXM_NX_REG15[],resubmit(,71),resubmit(,34)
 cookie=0xec5627d1, duration=62377.994s, table=34, n_packets=0, n_bytes=0, idle_age=62377, priority=50,reg15=0,metadata=0x1 actions=load:0x8001->NXM_NX_REG15[],resubmit(,37)
 cookie=0x9ad4f982, duration=62377.995s, table=34, n_packets=0, n_bytes=0, idle_age=62377, priority=0,metadata=0x1 actions=resubmit(,37)
 cookie=0x0, duration=63885.027s, table=37, n_packets=0, n_bytes=0, idle_age=63885, priority=150,reg10=0x10/0x10 actions=resubmit(,38)
 cookie=0x0, duration=63885.027s, table=37, n_packets=0, n_bytes=0, idle_age=63885, priority=150,reg10=0x2/0x3 actions=resubmit(,38)
 cookie=0x670a566a, duration=62377.994s, table=37, n_packets=0, n_bytes=0, idle_age=62377, priority=100,reg15=0x8004,metadata=0x1 actions=load:0x2->NXM_NX_REG15[],resubmit(,39),load:0x8004->NXM_NX_REG15[],resubmit(,38)
 cookie=0x1aa9ddbf, duration=62377.994s, table=37, n_packets=948, n_bytes=39816, idle_age=15, priority=100,reg15=0x8000,metadata=0x1 actions=load:0x2->NXM_NX_REG15[],resubmit(,39),load:0x8000->NXM_NX_REG15[],resubmit(,38)
 cookie=0x0, duration=63885.027s, table=37, n_packets=94, n_bytes=8849, idle_age=24563, priority=0 actions=resubmit(,38)
 cookie=0x22645a2f, duration=62377.993s, table=38, n_packets=0, n_bytes=0, idle_age=62377, priority=100,reg15=0x1,metadata=0x1 actions=load:0x3->NXM_NX_REG11[],load:0x2->NXM_NX_REG12[],resubmit(,39)
 cookie=0x3c4205b8, duration=62377.993s, table=38, n_packets=0, n_bytes=0, idle_age=62377, priority=100,reg15=0x8001,metadata=0x1 actions=load:0x1->NXM_NX_REG15[],resubmit(,39),load:0x8001->NXM_NX_REG15[]
 cookie=0xf79caa83, duration=14.402s, table=38, n_packets=0, n_bytes=0, idle_age=14, priority=100,reg15=0x8002,metadata=0x1 actions=load:0x1->NXM_NX_REG15[],resubmit(,39),load:0x8002->NXM_NX_REG15[]
 cookie=0x453dce32, duration=14.179s, table=38, n_packets=0, n_bytes=0, idle_age=14, priority=100,reg15=0x2,metadata=0x1 actions=load:0x1->NXM_NX_REG15[],resubmit(,38)
 cookie=0x670a566a, duration=13.668s, table=38, n_packets=0, n_bytes=0, idle_age=13, priority=100,reg15=0x8004,metadata=0x1 actions=load:0x1->NXM_NX_REG15[],resubmit(,39),load:0x8004->NXM_NX_REG15[]
 cookie=0x1aa9ddbf, duration=13.668s, table=38, n_packets=0, n_bytes=0, idle_age=13, priority=100,reg15=0x8000,metadata=0x1 actions=load:0x1->NXM_NX_REG15[],resubmit(,39),load:0x8000->NXM_NX_REG15[]
 cookie=0x22645a2f, duration=62377.993s, table=39, n_packets=0, n_bytes=0, idle_age=62377, priority=160,reg10=0x10/0x10,reg15=0x1,metadata=0x1 actions=drop
 cookie=0x22645a2f, duration=62377.993s, table=39, n_packets=1, n_bytes=90, idle_age=62374, priority=160,reg10=0x400/0x400,reg15=0x1,metadata=0x1 actions=drop
 cookie=0x22645a2f, duration=62377.993s, table=39, n_packets=0, n_bytes=0, idle_age=62377, priority=100,reg10=0/0x1,reg14=0x1,reg15=0x1,metadata=0x1 actions=drop
 cookie=0x0, duration=63885.027s, table=39, n_packets=2037, n_bytes=93877, idle_age=15, priority=0 actions=load:0->NXM_NX_REG0[],load:0->NXM_NX_REG1[],load:0->NXM_NX_REG2[],load:0->NXM_NX_REG3[],load:0->NXM_NX_REG4[],load:0->NXM_NX_REG5[],load:0->NXM_NX_REG6[],load:0->NXM_NX_REG7[],load:0->NXM_NX_REG8[],load:0->NXM_NX_REG9[],resubmit(,40)
 cookie=0x2c381733, duration=62377.995s, table=40, n_packets=0, n_bytes=0, idle_age=62377, priority=110,icmp6,metadata=0x1,nw_ttl=255,icmp_type=135,icmp_code=0 actions=resubmit(,41)
 cookie=0x2c381733, duration=62377.995s, table=40, n_packets=0, n_bytes=0, idle_age=62377, priority=110,icmp6,metadata=0x1,nw_ttl=255,icmp_type=136,icmp_code=0 actions=resubmit(,41)
 cookie=0x2c381733, duration=62377.995s, table=40, n_packets=0, n_bytes=0, idle_age=62377, priority=110,icmp6,metadata=0x1,nw_ttl=255,icmp_type=134,icmp_code=0 actions=resubmit(,41)
 cookie=0x2c381733, duration=62377.995s, table=40, n_packets=0, n_bytes=0, idle_age=62377, priority=110,icmp6,metadata=0x1,nw_ttl=255,icmp_type=133,icmp_code=0 actions=resubmit(,41)
 cookie=0x2c381733, duration=62377.995s, table=40, n_packets=0, n_bytes=0, idle_age=62377, priority=110,icmp6,metadata=0x1,ipv6_src=fe80::/10,icmp_type=130 actions=resubmit(,41)
 cookie=0x2c381733, duration=62377.995s, table=40, n_packets=0, n_bytes=0, idle_age=62377, priority=110,icmp6,metadata=0x1,ipv6_src=fe80::/10,icmp_type=131 actions=resubmit(,41)
 cookie=0x2c381733, duration=62377.995s, table=40, n_packets=0, n_bytes=0, idle_age=62377, priority=110,icmp6,metadata=0x1,ipv6_src=fe80::/10,icmp_type=132 actions=resubmit(,41)
 cookie=0x2c381733, duration=62377.995s, table=40, n_packets=1, n_bytes=90, idle_age=62374, priority=110,icmp6,metadata=0x1,ipv6_dst=ff02::16,icmp_type=143 actions=resubmit(,41)
 cookie=0x82630be6, duration=62377.995s, table=40, n_packets=1896, n_bytes=79632, idle_age=15, priority=110,metadata=0x1,dl_dst=01:00:00:00:00:00/01:00:00:00:00:00 actions=resubmit(,41)
 cookie=0x94de662b, duration=62377.995s, table=40, n_packets=0, n_bytes=0, idle_age=62377, priority=110,ipv6,reg15=0x1,metadata=0x1 actions=resubmit(,41)
 cookie=0x94de662b, duration=62377.995s, table=40, n_packets=0, n_bytes=0, idle_age=62377, priority=110,ip,reg15=0x1,metadata=0x1 actions=resubmit(,41)
 cookie=0xd42e96ab, duration=62377.994s, table=40, n_packets=0, n_bytes=0, idle_age=62377, priority=110,metadata=0x1,dl_src=3e:0b:f3:45:d5:d7 actions=resubmit(,41)
 cookie=0xede23bda, duration=62377.994s, table=40, n_packets=140, n_bytes=14155, idle_age=24563, priority=0,metadata=0x1 actions=resubmit(,41)
 cookie=0xc8ea4543, duration=62377.994s, table=41, n_packets=0, n_bytes=0, idle_age=62377, priority=110,metadata=0x1,dl_src=3e:0b:f3:45:d5:d7 actions=resubmit(,42)
 cookie=0xdb4a49ad, duration=62377.994s, table=41, n_packets=1, n_bytes=42, idle_age=62362, priority=0,metadata=0x1 actions=resubmit(,42)
 cookie=0x5c090ac7, duration=62377.995s, table=42, n_packets=0, n_bytes=0, idle_age=62377, priority=110,ipv6,reg0=0x4/0x4,metadata=0x1 actions=ct(table=43,zone=NXM_NX_REG13[0..15],nat)
 cookie=0x5c090ac7, duration=62377.995s, table=42, n_packets=0, n_bytes=0, idle_age=62377, priority=110,ip,reg0=0x4/0x4,metadata=0x1 actions=ct(table=43,zone=NXM_NX_REG13[0..15],nat)
 cookie=0x36a30005, duration=62377.995s, table=42, n_packets=0, n_bytes=0, idle_age=62377, priority=100,ipv6,reg0=0x1/0x1,metadata=0x1 actions=ct(table=43,zone=NXM_NX_REG13[0..15])
 cookie=0x36a30005, duration=62377.995s, table=42, n_packets=139, n_bytes=14113, idle_age=24563, priority=100,ip,reg0=0x1/0x1,metadata=0x1 actions=ct(table=43,zone=NXM_NX_REG13[0..15])
 cookie=0xb7f3db91, duration=62377.994s, table=42, n_packets=1898, n_bytes=79764, idle_age=15, priority=0,metadata=0x1 actions=resubmit(,43)
 cookie=0xb1bae801, duration=13.668s, table=43, n_packets=0, n_bytes=0, idle_age=13, priority=65535,metadata=0x1 actions=resubmit(,44)
 cookie=0x545335c8, duration=13.668s, table=44, n_packets=0, n_bytes=0, idle_age=13, priority=65535,metadata=0x1 actions=resubmit(,45)
 cookie=0x2b2c2ff2, duration=62377.995s, table=45, n_packets=2037, n_bytes=93877, idle_age=15, priority=0,metadata=0x1 actions=resubmit(,46)
 cookie=0xbc11eaa6, duration=62377.994s, table=46, n_packets=2037, n_bytes=93877, idle_age=15, priority=0,metadata=0x1 actions=resubmit(,47)
 cookie=0x57366251, duration=62377.995s, table=47, n_packets=15, n_bytes=1110, idle_age=62361, priority=100,ip,reg0=0x2/0x2002,metadata=0x1 actions=ct(commit,zone=NXM_NX_REG13[0..15],nat(src),exec(load:0->NXM_NX_CT_MARK[0])),resubmit(,48)
 cookie=0x57366251, duration=62377.995s, table=47, n_packets=0, n_bytes=0, idle_age=62377, priority=100,ipv6,reg0=0x2/0x2002,metadata=0x1 actions=ct(commit,zone=NXM_NX_REG13[0..15],nat(src),exec(load:0->NXM_NX_CT_MARK[0])),resubmit(,48)
 cookie=0xa00a27cf, duration=62377.995s, table=47, n_packets=0, n_bytes=0, idle_age=62377, priority=100,ipv6,reg0=0x2002/0x2002,metadata=0x1 actions=ct(commit,zone=NXM_NX_REG13[0..15],nat(src),exec(load:0->NXM_NX_CT_MARK[0],move:NXM_NX_XXREG0[0..31]->NXM_NX_CT_LABEL[96..127])),resubmit(,48)
 cookie=0xa00a27cf, duration=62377.995s, table=47, n_packets=0, n_bytes=0, idle_age=62377, priority=100,ip,reg0=0x2002/0x2002,metadata=0x1 actions=ct(commit,zone=NXM_NX_REG13[0..15],nat(src),exec(load:0->NXM_NX_CT_MARK[0],move:NXM_NX_XXREG0[0..31]->NXM_NX_CT_LABEL[96..127])),resubmit(,48)
 cookie=0x381da0f9, duration=62377.995s, table=47, n_packets=2022, n_bytes=92767, idle_age=15, priority=0,metadata=0x1 actions=resubmit(,48)
 cookie=0xabb26b71, duration=62377.995s, table=48, n_packets=1897, n_bytes=79722, idle_age=15, priority=100,metadata=0x1,dl_dst=01:00:00:00:00:00/01:00:00:00:00:00 actions=load:0->NXM_NX_XXREG0[111],resubmit(,49)
 cookie=0x606b1f1a, duration=62377.995s, table=48, n_packets=140, n_bytes=14155, idle_age=24563, priority=0,metadata=0x1 actions=load:0->NXM_NX_REG10[12],resubmit(,75),move:NXM_NX_REG10[12]->NXM_NX_XXREG0[111],resubmit(,49)
 cookie=0x958ded94, duration=62377.995s, table=49, n_packets=0, n_bytes=0, idle_age=62377, priority=50,reg0=0x8000/0x8000,metadata=0x1 actions=drop
 cookie=0x2e1e477e, duration=62377.995s, table=49, n_packets=2037, n_bytes=93877, idle_age=15, priority=0,metadata=0x1 actions=resubmit(,64)
 cookie=0x22645a2f, duration=62377.993s, table=64, n_packets=0, n_bytes=0, idle_age=62377, priority=100,reg10=0x1/0x1,reg15=0x1,metadata=0x1 actions=push:NXM_OF_IN_PORT[],load:0xffff->NXM_OF_IN_PORT[],resubmit(,65),pop:NXM_OF_IN_PORT[]
 cookie=0x0, duration=63885.027s, table=64, n_packets=2033, n_bytes=92803, idle_age=15, priority=0 actions=resubmit(,65)
 cookie=0x22645a2f, duration=62377.993s, table=65, n_packets=948, n_bytes=39816, idle_age=15, priority=100,reg15=0x1,metadata=0x1 actions=mod_vlan_vid:100,output:3,strip_vlan
